2014-04-09 18:57:46,216 - Resource Loader Instantiated: org.apache.velocity.runtime.resource.loader.ClasspathResourceLoader
2014-04-09 18:57:46,216 - ClasspathResourceLoader : initialization starting.
2014-04-09 18:57:46,216 - ClasspathResourceLoader : initialization complete.
2014-04-09 18:57:46,218 - ResourceCache : initialized. (class org.apache.velocity.runtime.resource.ResourceCacheImpl)
2014-04-09 18:57:46,218 - Default ResourceManager initialization complete.
2014-04-09 18:57:46,221 - Loaded System Directive: org.apache.velocity.runtime.directive.Literal
2014-04-09 18:57:46,224 - Loaded System Directive: org.apache.velocity.runtime.directive.Macro
2014-04-09 18:57:46,230 - Loaded System Directive: org.apache.velocity.runtime.directive.Parse
2014-04-09 18:57:46,233 - Loaded System Directive: org.apache.velocity.runtime.directive.Include
2014-04-09 18:57:46,235 - Loaded System Directive: org.apache.velocity.runtime.directive.Foreach
2014-04-09 18:57:46,276 - Created: 20 parsers.
2014-04-09 18:57:46,288 - Velocimacro : initialization starting.
2014-04-09 18:57:46,288 - Velocimacro : adding VMs from VM library template : VM_global_library.vm
2014-04-09 18:57:46,301 - ResourceManager : unable to find resource 'VM_global_library.vm' in any resource loader.
2014-04-09 18:57:46,301 - Velocimacro : error using  VM library template VM_global_library.vm : org.apache.velocity.exception.ResourceNotFoundException: Unable to find resource 'VM_global_library.vm'
2014-04-09 18:57:46,301 - Velocimacro :  VM library template macro registration complete.
2014-04-09 18:57:46,301 - Velocimacro : allowInline = true : VMs can be defined inline in templates
2014-04-09 18:57:46,301 - Velocimacro : allowInlineToOverride = false : VMs defined inline may NOT replace previous VM definitions
2014-04-09 18:57:46,301 - Velocimacro : allowInlineLocal = false : VMs defined inline will be  global in scope if allowed.
2014-04-09 18:57:46,301 - Velocimacro : messages on  : VM system will output logging messages
2014-04-09 18:57:46,301 - Velocimacro : autoload off  : VM system will not automatically reload global library macros
2014-04-09 18:57:46,301 - Velocimacro : initialization complete.
2014-04-09 18:57:46,301 - Velocity successfully started.
2014-04-09 19:00:03,969 - SimpleLog4JLogSystem initialized using logfile 'velocity.log'
2014-04-09 19:00:03,969 - ************************************************************** 
2014-04-09 19:00:03,969 - Starting Jakarta Velocity v1.4
2014-04-09 19:00:03,969 - RuntimeInstance initializing.
2014-04-09 19:00:03,969 - Default Properties File: org\apache\velocity\runtime\defaults\velocity.properties
2014-04-09 19:00:03,969 - Trying to use logger class org.apache.velocity.runtime.log.SimpleLog4JLogSystem
2014-04-09 19:00:03,969 - Using logger class org.apache.velocity.runtime.log.SimpleLog4JLogSystem
2014-04-09 19:00:03,977 - Default ResourceManager initializing. (class org.apache.velocity.runtime.resource.ResourceManagerImpl)
2014-04-09 19:00:03,984 - Resource Loader Instantiated: org.apache.velocity.runtime.resource.loader.ClasspathResourceLoader
2014-04-09 19:00:03,984 - ClasspathResourceLoader : initialization starting.
2014-04-09 19:00:03,984 - ClasspathResourceLoader : initialization complete.
2014-04-09 19:00:03,988 - ResourceCache : initialized. (class org.apache.velocity.runtime.resource.ResourceCacheImpl)
2014-04-09 19:00:03,989 - Default ResourceManager initialization complete.
2014-04-09 19:00:03,994 - Loaded System Directive: org.apache.velocity.runtime.directive.Literal
2014-04-09 19:00:04,001 - Loaded System Directive: org.apache.velocity.runtime.directive.Macro
2014-04-09 19:00:04,010 - Loaded System Directive: org.apache.velocity.runtime.directive.Parse
2014-04-09 19:00:04,016 - Loaded System Directive: org.apache.velocity.runtime.directive.Include
2014-04-09 19:00:04,020 - Loaded System Directive: org.apache.velocity.runtime.directive.Foreach
2014-04-09 19:00:04,081 - Created: 20 parsers.
2014-04-09 19:00:04,105 - Velocimacro : initialization starting.
2014-04-09 19:00:04,106 - Velocimacro : adding VMs from VM library template : VM_global_library.vm
2014-04-09 19:00:04,117 - ResourceManager : unable to find resource 'VM_global_library.vm' in any resource loader.
2014-04-09 19:00:04,117 - Velocimacro : error using  VM library template VM_global_library.vm : org.apache.velocity.exception.ResourceNotFoundException: Unable to find resource 'VM_global_library.vm'
2014-04-09 19:00:04,117 - Velocimacro :  VM library template macro registration complete.
2014-04-09 19:00:04,117 - Velocimacro : allowInline = true : VMs can be defined inline in templates
2014-04-09 19:00:04,117 - Velocimacro : allowInlineToOverride = false : VMs defined inline may NOT replace previous VM definitions
2014-04-09 19:00:04,117 - Velocimacro : allowInlineLocal = false : VMs defined inline will be  global in scope if allowed.
2014-04-09 19:00:04,117 - Velocimacro : messages on  : VM system will output logging messages
2014-04-09 19:00:04,117 - Velocimacro : autoload off  : VM system will not automatically reload global library macros
2014-04-09 19:00:04,117 - Velocimacro : initialization complete.
2014-04-09 19:00:04,117 - Velocity successfully started.
2014-04-09 19:04:23,194 - SimpleLog4JLogSystem initialized using logfile 'velocity.log'
2014-04-09 19:04:23,194 - ************************************************************** 
2014-04-09 19:04:23,194 - Starting Jakarta Velocity v1.4
2014-04-09 19:04:23,194 - RuntimeInstance initializing.
2014-04-09 19:04:23,194 - Default Properties File: org\apache\velocity\runtime\defaults\velocity.properties
2014-04-09 19:04:23,194 - Trying to use logger class org.apache.velocity.runtime.log.SimpleLog4JLogSystem
2014-04-09 19:04:23,194 - Using logger class org.apache.velocity.runtime.log.SimpleLog4JLogSystem
2014-04-09 19:04:23,199 - Default ResourceManager initializing. (class org.apache.velocity.runtime.resource.ResourceManagerImpl)
2014-04-09 19:04:23,203 - Resource Loader Instantiated: org.apache.velocity.runtime.resource.loader.ClasspathResourceLoader
2014-04-09 19:04:23,203 - ClasspathResourceLoader : initialization starting.
2014-04-09 19:04:23,203 - ClasspathResourceLoader : initialization complete.
2014-04-09 19:04:23,206 - ResourceCache : initialized. (class org.apache.velocity.runtime.resource.ResourceCacheImpl)
2014-04-09 19:04:23,206 - Default ResourceManager initialization complete.
2014-04-09 19:04:23,208 - Loaded System Directive: org.apache.velocity.runtime.directive.Literal
2014-04-09 19:04:23,210 - Loaded System Directive: org.apache.velocity.runtime.directive.Macro
2014-04-09 19:04:23,213 - Loaded System Directive: org.apache.velocity.runtime.directive.Parse
2014-04-09 19:04:23,215 - Loaded System Directive: org.apache.velocity.runtime.directive.Include
2014-04-09 19:04:23,217 - Loaded System Directive: org.apache.velocity.runtime.directive.Foreach
2014-04-09 19:04:23,256 - Created: 20 parsers.
2014-04-09 19:04:23,268 - Velocimacro : initialization starting.
2014-04-09 19:04:23,268 - Velocimacro : adding VMs from VM library template : VM_global_library.vm
2014-04-09 19:04:23,274 - ResourceManager : unable to find resource 'VM_global_library.vm' in any resource loader.
2014-04-09 19:04:23,274 - Velocimacro : error using  VM library template VM_global_library.vm : org.apache.velocity.exception.ResourceNotFoundException: Unable to find resource 'VM_global_library.vm'
2014-04-09 19:04:23,274 - Velocimacro :  VM library template macro registration complete.
2014-04-09 19:04:23,274 - Velocimacro : allowInline = true : VMs can be defined inline in templates
2014-04-09 19:04:23,274 - Velocimacro : allowInlineToOverride = false : VMs defined inline may NOT replace previous VM definitions
2014-04-09 19:04:23,274 - Velocimacro : allowInlineLocal = false : VMs defined inline will be  global in scope if allowed.
2014-04-09 19:04:23,274 - Velocimacro : messages on  : VM system will output logging messages
2014-04-09 19:04:23,274 - Velocimacro : autoload off  : VM system will not automatically reload global library macros
2014-04-09 19:04:23,274 - Velocimacro : initialization complete.
2014-04-09 19:04:23,274 - Velocity successfully started.
2014-04-09 19:05:33,748 - SimpleLog4JLogSystem initialized using logfile 'velocity.log'
2014-04-09 19:05:33,748 - ************************************************************** 
2014-04-09 19:05:33,748 - Starting Jakarta Velocity v1.4
2014-04-09 19:05:33,748 - RuntimeInstance initializing.
2014-04-09 19:05:33,748 - Default Properties File: org\apache\velocity\runtime\defaults\velocity.properties
2014-04-09 19:05:33,748 - Trying to use logger class org.apache.velocity.runtime.log.SimpleLog4JLogSystem
2014-04-09 19:05:33,748 - Using logger class org.apache.velocity.runtime.log.SimpleLog4JLogSystem
2014-04-09 19:05:33,752 - Default ResourceManager initializing. (class org.apache.velocity.runtime.resource.ResourceManagerImpl)
2014-04-09 19:05:33,755 - Resource Loader Instantiated: org.apache.velocity.runtime.resource.loader.ClasspathResourceLoader
2014-04-09 19:05:33,755 - ClasspathResourceLoader : initialization starting.
2014-04-09 19:05:33,755 - ClasspathResourceLoader : initialization complete.
2014-04-09 19:05:33,758 - ResourceCache : initialized. (class org.apache.velocity.runtime.resource.ResourceCacheImpl)
2014-04-09 19:05:33,758 - Default ResourceManager initialization complete.
2014-04-09 19:05:33,761 - Loaded System Directive: org.apache.velocity.runtime.directive.Literal
2014-04-09 19:05:33,763 - Loaded System Directive: org.apache.velocity.runtime.directive.Macro
2014-04-09 19:05:33,766 - Loaded System Directive: org.apache.velocity.runtime.directive.Parse
2014-04-09 19:05:33,768 - Loaded System Directive: org.apache.velocity.runtime.directive.Include
2014-04-09 19:05:33,769 - Loaded System Directive: org.apache.velocity.runtime.directive.Foreach
2014-04-09 19:05:33,805 - Created: 20 parsers.
2014-04-09 19:05:33,816 - Velocimacro : initialization starting.
2014-04-09 19:05:33,816 - Velocimacro : adding VMs from VM library template : VM_global_library.vm
2014-04-09 19:05:33,821 - ResourceManager : unable to find resource 'VM_global_library.vm' in any resource loader.
2014-04-09 19:05:33,821 - Velocimacro : error using  VM library template VM_global_library.vm : org.apache.velocity.exception.ResourceNotFoundException: Unable to find resource 'VM_global_library.vm'
2014-04-09 19:05:33,821 - Velocimacro :  VM library template macro registration complete.
2014-04-09 19:05:33,821 - Velocimacro : allowInline = true : VMs can be defined inline in templates
2014-04-09 19:05:33,821 - Velocimacro : allowInlineToOverride = false : VMs defined inline may NOT replace previous VM definitions
2014-04-09 19:05:33,821 - Velocimacro : allowInlineLocal = false : VMs defined inline will be  global in scope if allowed.
2014-04-09 19:05:33,821 - Velocimacro : messages on  : VM system will output logging messages
2014-04-09 19:05:33,821 - Velocimacro : autoload off  : VM system will not automatically reload global library macros
2014-04-09 19:05:33,821 - Velocimacro : initialization complete.
2014-04-09 19:05:33,821 - Velocity successfully started.
2014-04-09 19:39:13,690 - SimpleLog4JLogSystem initialized using logfile 'velocity.log'
2014-04-09 19:39:13,691 - ************************************************************** 
2014-04-09 19:39:13,691 - Starting Jakarta Velocity v1.4
2014-04-09 19:39:13,691 - RuntimeInstance initializing.
2014-04-09 19:39:13,691 - Default Properties File: org\apache\velocity\runtime\defaults\velocity.properties
2014-04-09 19:39:13,691 - Trying to use logger class org.apache.velocity.runtime.log.SimpleLog4JLogSystem
2014-04-09 19:39:13,691 - Using logger class org.apache.velocity.runtime.log.SimpleLog4JLogSystem
2014-04-09 19:39:13,697 - Default ResourceManager initializing. (class org.apache.velocity.runtime.resource.ResourceManagerImpl)
2014-04-09 19:39:13,703 - Resource Loader Instantiated: org.apache.velocity.runtime.resource.loader.ClasspathResourceLoader
2014-04-09 19:39:13,703 - ClasspathResourceLoader : initialization starting.
2014-04-09 19:39:13,704 - ClasspathResourceLoader : initialization complete.
2014-04-09 19:39:13,708 - ResourceCache : initialized. (class org.apache.velocity.runtime.resource.ResourceCacheImpl)
2014-04-09 19:39:13,708 - Default ResourceManager initialization complete.
2014-04-09 19:39:13,711 - Loaded System Directive: org.apache.velocity.runtime.directive.Literal
2014-04-09 19:39:13,715 - Loaded System Directive: org.apache.velocity.runtime.directive.Macro
2014-04-09 19:39:13,720 - Loaded System Directive: org.apache.velocity.runtime.directive.Parse
2014-04-09 19:39:13,724 - Loaded System Directive: org.apache.velocity.runtime.directive.Include
2014-04-09 19:39:13,725 - Loaded System Directive: org.apache.velocity.runtime.directive.Foreach
2014-04-09 19:39:13,764 - Created: 20 parsers.
2014-04-09 19:39:13,776 - Velocimacro : initialization starting.
2014-04-09 19:39:13,776 - Velocimacro : adding VMs from VM library template : VM_global_library.vm
2014-04-09 19:39:13,783 - ResourceManager : unable to find resource 'VM_global_library.vm' in any resource loader.
2014-04-09 19:39:13,784 - Velocimacro : error using  VM library template VM_global_library.vm : org.apache.velocity.exception.ResourceNotFoundException: Unable to find resource 'VM_global_library.vm'
2014-04-09 19:39:13,784 - Velocimacro :  VM library template macro registration complete.
2014-04-09 19:39:13,784 - Velocimacro : allowInline = true : VMs can be defined inline in templates
2014-04-09 19:39:13,784 - Velocimacro : allowInlineToOverride = false : VMs defined inline may NOT replace previous VM definitions
2014-04-09 19:39:13,784 - Velocimacro : allowInlineLocal = false : VMs defined inline will be  global in scope if allowed.
2014-04-09 19:39:13,784 - Velocimacro : messages on  : VM system will output logging messages
2014-04-09 19:39:13,784 - Velocimacro : autoload off  : VM system will not automatically reload global library macros
2014-04-09 19:39:13,784 - Velocimacro : initialization complete.
2014-04-09 19:39:13,784 - Velocity successfully started.
2014-04-09 19:46:24,772 - SimpleLog4JLogSystem initialized using logfile 'velocity.log'
2014-04-09 19:46:24,772 - ************************************************************** 
2014-04-09 19:46:24,772 - Starting Jakarta Velocity v1.4
2014-04-09 19:46:24,772 - RuntimeInstance initializing.
2014-04-09 19:46:24,772 - Default Properties File: org\apache\velocity\runtime\defaults\velocity.properties
2014-04-09 19:46:24,772 - Trying to use logger class org.apache.velocity.runtime.log.SimpleLog4JLogSystem
2014-04-09 19:46:24,772 - Using logger class org.apache.velocity.runtime.log.SimpleLog4JLogSystem
2014-04-09 19:46:24,784 - Default ResourceManager initializing. (class org.apache.velocity.runtime.resource.ResourceManagerImpl)
2014-04-09 19:46:24,791 - Resource Loader Instantiated: org.apache.velocity.runtime.resource.loader.ClasspathResourceLoader
2014-04-09 19:46:24,791 - ClasspathResourceLoader : initialization starting.
2014-04-09 19:46:24,791 - ClasspathResourceLoader : initialization complete.
2014-04-09 19:46:24,798 - ResourceCache : initialized. (class org.apache.velocity.runtime.resource.ResourceCacheImpl)
2014-04-09 19:46:24,798 - Default ResourceManager initialization complete.
2014-04-09 19:46:24,802 - Loaded System Directive: org.apache.velocity.runtime.directive.Literal
2014-04-09 19:46:24,807 - Loaded System Directive: org.apache.velocity.runtime.directive.Macro
2014-04-09 19:46:24,817 - Loaded System Directive: org.apache.velocity.runtime.directive.Parse
2014-04-09 19:46:24,821 - Loaded System Directive: org.apache.velocity.runtime.directive.Include
2014-04-09 19:46:24,824 - Loaded System Directive: org.apache.velocity.runtime.directive.Foreach
2014-04-09 19:46:24,881 - Created: 20 parsers.
2014-04-09 19:46:24,909 - Velocimacro : initialization starting.
2014-04-09 19:46:24,910 - Velocimacro : adding VMs from VM library template : VM_global_library.vm
2014-04-09 19:46:24,921 - ResourceManager : unable to find resource 'VM_global_library.vm' in any resource loader.
2014-04-09 19:46:24,921 - Velocimacro : error using  VM library template VM_global_library.vm : org.apache.velocity.exception.ResourceNotFoundException: Unable to find resource 'VM_global_library.vm'
2014-04-09 19:46:24,921 - Velocimacro :  VM library template macro registration complete.
2014-04-09 19:46:24,921 - Velocimacro : allowInline = true : VMs can be defined inline in templates
2014-04-09 19:46:24,921 - Velocimacro : allowInlineToOverride = false : VMs defined inline may NOT replace previous VM definitions
2014-04-09 19:46:24,922 - Velocimacro : allowInlineLocal = false : VMs defined inline will be  global in scope if allowed.
2014-04-09 19:46:24,922 - Velocimacro : messages on  : VM system will output logging messages
2014-04-09 19:46:24,922 - Velocimacro : autoload off  : VM system will not automatically reload global library macros
2014-04-09 19:46:24,922 - Velocimacro : initialization complete.
2014-04-09 19:46:24,922 - Velocity successfully started.
2014-04-09 19:54:41,634 - SimpleLog4JLogSystem initialized using logfile 'velocity.log'
2014-04-09 19:54:41,635 - ************************************************************** 
2014-04-09 19:54:41,635 - Starting Jakarta Velocity v1.4
2014-04-09 19:54:41,635 - RuntimeInstance initializing.
2014-04-09 19:54:41,635 - Default Properties File: org\apache\velocity\runtime\defaults\velocity.properties
2014-04-09 19:54:41,635 - Trying to use logger class org.apache.velocity.runtime.log.SimpleLog4JLogSystem
2014-04-09 19:54:41,635 - Using logger class org.apache.velocity.runtime.log.SimpleLog4JLogSystem
2014-04-09 19:54:41,641 - Default ResourceManager initializing. (class org.apache.velocity.runtime.resource.ResourceManagerImpl)
2014-04-09 19:54:41,645 - Resource Loader Instantiated: org.apache.velocity.runtime.resource.loader.ClasspathResourceLoader
2014-04-09 19:54:41,646 - ClasspathResourceLoader : initialization starting.
2014-04-09 19:54:41,646 - ClasspathResourceLoader : initialization complete.
2014-04-09 19:54:41,648 - ResourceCache : initialized. (class org.apache.velocity.runtime.resource.ResourceCacheImpl)
2014-04-09 19:54:41,649 - Default ResourceManager initialization complete.
2014-04-09 19:54:41,651 - Loaded System Directive: org.apache.velocity.runtime.directive.Literal
2014-04-09 19:54:41,653 - Loaded System Directive: org.apache.velocity.runtime.directive.Macro
2014-04-09 19:54:41,657 - Loaded System Directive: org.apache.velocity.runtime.directive.Parse
2014-04-09 19:54:41,659 - Loaded System Directive: org.apache.velocity.runtime.directive.Include
2014-04-09 19:54:41,661 - Loaded System Directive: org.apache.velocity.runtime.directive.Foreach
2014-04-09 19:54:41,702 - Created: 20 parsers.
2014-04-09 19:54:41,715 - Velocimacro : initialization starting.
2014-04-09 19:54:41,715 - Velocimacro : adding VMs from VM library template : VM_global_library.vm
2014-04-09 19:54:41,723 - ResourceManager : unable to find resource 'VM_global_library.vm' in any resource loader.
2014-04-09 19:54:41,723 - Velocimacro : error using  VM library template VM_global_library.vm : org.apache.velocity.exception.ResourceNotFoundException: Unable to find resource 'VM_global_library.vm'
2014-04-09 19:54:41,723 - Velocimacro :  VM library template macro registration complete.
2014-04-09 19:54:41,723 - Velocimacro : allowInline = true : VMs can be defined inline in templates
2014-04-09 19:54:41,723 - Velocimacro : allowInlineToOverride = false : VMs defined inline may NOT replace previous VM definitions
2014-04-09 19:54:41,723 - Velocimacro : allowInlineLocal = false : VMs defined inline will be  global in scope if allowed.
2014-04-09 19:54:41,724 - Velocimacro : messages on  : VM system will output logging messages
2014-04-09 19:54:41,724 - Velocimacro : autoload off  : VM system will not automatically reload global library macros
2014-04-09 19:54:41,724 - Velocimacro : initialization complete.
2014-04-09 19:54:41,724 - Velocity successfully started.
2014-04-09 19:55:17,272 - ResourceManager : found repast/simphony/parameter/parameters.vt with loader org.apache.velocity.runtime.resource.loader.ClasspathResourceLoader
2014-04-09 20:05:25,712 - SimpleLog4JLogSystem initialized using logfile 'velocity.log'
2014-04-09 20:05:25,712 - ************************************************************** 
2014-04-09 20:05:25,712 - Starting Jakarta Velocity v1.4
2014-04-09 20:05:25,712 - RuntimeInstance initializing.
2014-04-09 20:05:25,712 - Default Properties File: org\apache\velocity\runtime\defaults\velocity.properties
2014-04-09 20:05:25,712 - Trying to use logger class org.apache.velocity.runtime.log.SimpleLog4JLogSystem
2014-04-09 20:05:25,712 - Using logger class org.apache.velocity.runtime.log.SimpleLog4JLogSystem
2014-04-09 20:05:25,716 - Default ResourceManager initializing. (class org.apache.velocity.runtime.resource.ResourceManagerImpl)
2014-04-09 20:05:25,719 - Resource Loader Instantiated: org.apache.velocity.runtime.resource.loader.ClasspathResourceLoader
2014-04-09 20:05:25,719 - ClasspathResourceLoader : initialization starting.
2014-04-09 20:05:25,720 - ClasspathResourceLoader : initialization complete.
2014-04-09 20:05:25,721 - ResourceCache : initialized. (class org.apache.velocity.runtime.resource.ResourceCacheImpl)
2014-04-09 20:05:25,721 - Default ResourceManager initialization complete.
2014-04-09 20:05:25,724 - Loaded System Directive: org.apache.velocity.runtime.directive.Literal
2014-04-09 20:05:25,726 - Loaded System Directive: org.apache.velocity.runtime.directive.Macro
2014-04-09 20:05:25,730 - Loaded System Directive: org.apache.velocity.runtime.directive.Parse
2014-04-09 20:05:25,732 - Loaded System Directive: org.apache.velocity.runtime.directive.Include
2014-04-09 20:05:25,733 - Loaded System Directive: org.apache.velocity.runtime.directive.Foreach
2014-04-09 20:05:25,766 - Created: 20 parsers.
2014-04-09 20:05:25,777 - Velocimacro : initialization starting.
2014-04-09 20:05:25,777 - Velocimacro : adding VMs from VM library template : VM_global_library.vm
2014-04-09 20:05:25,784 - ResourceManager : unable to find resource 'VM_global_library.vm' in any resource loader.
2014-04-09 20:05:25,784 - Velocimacro : error using  VM library template VM_global_library.vm : org.apache.velocity.exception.ResourceNotFoundException: Unable to find resource 'VM_global_library.vm'
2014-04-09 20:05:25,784 - Velocimacro :  VM library template macro registration complete.
2014-04-09 20:05:25,784 - Velocimacro : allowInline = true : VMs can be defined inline in templates
2014-04-09 20:05:25,784 - Velocimacro : allowInlineToOverride = false : VMs defined inline may NOT replace previous VM definitions
2014-04-09 20:05:25,784 - Velocimacro : allowInlineLocal = false : VMs defined inline will be  global in scope if allowed.
2014-04-09 20:05:25,784 - Velocimacro : messages on  : VM system will output logging messages
2014-04-09 20:05:25,784 - Velocimacro : autoload off  : VM system will not automatically reload global library macros
2014-04-09 20:05:25,784 - Velocimacro : initialization complete.
2014-04-09 20:05:25,784 - Velocity successfully started.
2014-04-10 16:11:40,015 - SimpleLog4JLogSystem initialized using logfile 'velocity.log'
2014-04-10 16:11:40,015 - ************************************************************** 
2014-04-10 16:11:40,015 - Starting Jakarta Velocity v1.4
2014-04-10 16:11:40,015 - RuntimeInstance initializing.
2014-04-10 16:11:40,015 - Default Properties File: org\apache\velocity\runtime\defaults\velocity.properties
2014-04-10 16:11:40,015 - Trying to use logger class org.apache.velocity.runtime.log.SimpleLog4JLogSystem
2014-04-10 16:11:40,015 - Using logger class org.apache.velocity.runtime.log.SimpleLog4JLogSystem
2014-04-10 16:11:40,022 - Default ResourceManager initializing. (class org.apache.velocity.runtime.resource.ResourceManagerImpl)
2014-04-10 16:11:40,027 - Resource Loader Instantiated: org.apache.velocity.runtime.resource.loader.ClasspathResourceLoader
2014-04-10 16:11:40,027 - ClasspathResourceLoader : initialization starting.
2014-04-10 16:11:40,027 - ClasspathResourceLoader : initialization complete.
2014-04-10 16:11:40,029 - ResourceCache : initialized. (class org.apache.velocity.runtime.resource.ResourceCacheImpl)
2014-04-10 16:11:40,029 - Default ResourceManager initialization complete.
2014-04-10 16:11:40,031 - Loaded System Directive: org.apache.velocity.runtime.directive.Literal
2014-04-10 16:11:40,034 - Loaded System Directive: org.apache.velocity.runtime.directive.Macro
2014-04-10 16:11:40,037 - Loaded System Directive: org.apache.velocity.runtime.directive.Parse
2014-04-10 16:11:40,041 - Loaded System Directive: org.apache.velocity.runtime.directive.Include
2014-04-10 16:11:40,042 - Loaded System Directive: org.apache.velocity.runtime.directive.Foreach
2014-04-10 16:11:40,077 - Created: 20 parsers.
2014-04-10 16:11:40,087 - Velocimacro : initialization starting.
2014-04-10 16:11:40,087 - Velocimacro : adding VMs from VM library template : VM_global_library.vm
2014-04-10 16:11:40,095 - ResourceManager : unable to find resource 'VM_global_library.vm' in any resource loader.
2014-04-10 16:11:40,095 - Velocimacro : error using  VM library template VM_global_library.vm : org.apache.velocity.exception.ResourceNotFoundException: Unable to find resource 'VM_global_library.vm'
2014-04-10 16:11:40,095 - Velocimacro :  VM library template macro registration complete.
2014-04-10 16:11:40,095 - Velocimacro : allowInline = true : VMs can be defined inline in templates
2014-04-10 16:11:40,095 - Velocimacro : allowInlineToOverride = false : VMs defined inline may NOT replace previous VM definitions
2014-04-10 16:11:40,095 - Velocimacro : allowInlineLocal = false : VMs defined inline will be  global in scope if allowed.
2014-04-10 16:11:40,095 - Velocimacro : messages on  : VM system will output logging messages
2014-04-10 16:11:40,095 - Velocimacro : autoload off  : VM system will not automatically reload global library macros
2014-04-10 16:11:40,095 - Velocimacro : initialization complete.
2014-04-10 16:11:40,095 - Velocity successfully started.
2014-04-14 14:32:56,973 - SimpleLog4JLogSystem initialized using logfile 'velocity.log'
2014-04-14 14:32:56,974 - ************************************************************** 
2014-04-14 14:32:56,974 - Starting Jakarta Velocity v1.4
2014-04-14 14:32:56,974 - RuntimeInstance initializing.
2014-04-14 14:32:56,974 - Default Properties File: org\apache\velocity\runtime\defaults\velocity.properties
2014-04-14 14:32:56,974 - Trying to use logger class org.apache.velocity.runtime.log.SimpleLog4JLogSystem
2014-04-14 14:32:56,974 - Using logger class org.apache.velocity.runtime.log.SimpleLog4JLogSystem
2014-04-14 14:32:56,977 - Default ResourceManager initializing. (class org.apache.velocity.runtime.resource.ResourceManagerImpl)
2014-04-14 14:32:56,981 - Resource Loader Instantiated: org.apache.velocity.runtime.resource.loader.ClasspathResourceLoader
2014-04-14 14:32:56,981 - ClasspathResourceLoader : initialization starting.
2014-04-14 14:32:56,981 - ClasspathResourceLoader : initialization complete.
2014-04-14 14:32:56,983 - ResourceCache : initialized. (class org.apache.velocity.runtime.resource.ResourceCacheImpl)
2014-04-14 14:32:56,983 - Default ResourceManager initialization complete.
2014-04-14 14:32:56,985 - Loaded System Directive: org.apache.velocity.runtime.directive.Literal
2014-04-14 14:32:56,987 - Loaded System Directive: org.apache.velocity.runtime.directive.Macro
2014-04-14 14:32:56,991 - Loaded System Directive: org.apache.velocity.runtime.directive.Parse
2014-04-14 14:32:56,993 - Loaded System Directive: org.apache.velocity.runtime.directive.Include
2014-04-14 14:32:56,995 - Loaded System Directive: org.apache.velocity.runtime.directive.Foreach
2014-04-14 14:32:57,022 - Created: 20 parsers.
2014-04-14 14:32:57,031 - Velocimacro : initialization starting.
2014-04-14 14:32:57,031 - Velocimacro : adding VMs from VM library template : VM_global_library.vm
2014-04-14 14:32:57,036 - ResourceManager : unable to find resource 'VM_global_library.vm' in any resource loader.
2014-04-14 14:32:57,036 - Velocimacro : error using  VM library template VM_global_library.vm : org.apache.velocity.exception.ResourceNotFoundException: Unable to find resource 'VM_global_library.vm'
2014-04-14 14:32:57,036 - Velocimacro :  VM library template macro registration complete.
2014-04-14 14:32:57,036 - Velocimacro : allowInline = true : VMs can be defined inline in templates
2014-04-14 14:32:57,036 - Velocimacro : allowInlineToOverride = false : VMs defined inline may NOT replace previous VM definitions
2014-04-14 14:32:57,036 - Velocimacro : allowInlineLocal = false : VMs defined inline will be  global in scope if allowed.
2014-04-14 14:32:57,036 - Velocimacro : messages on  : VM system will output logging messages
2014-04-14 14:32:57,036 - Velocimacro : autoload off  : VM system will not automatically reload global library macros
2014-04-14 14:32:57,036 - Velocimacro : initialization complete.
2014-04-14 14:32:57,036 - Velocity successfully started.
2014-04-14 16:14:06,477 - SimpleLog4JLogSystem initialized using logfile 'velocity.log'
2014-04-14 16:14:06,477 - ************************************************************** 
2014-04-14 16:14:06,477 - Starting Jakarta Velocity v1.4
2014-04-14 16:14:06,477 - RuntimeInstance initializing.
2014-04-14 16:14:06,477 - Default Properties File: org\apache\velocity\runtime\defaults\velocity.properties
2014-04-14 16:14:06,477 - Trying to use logger class org.apache.velocity.runtime.log.SimpleLog4JLogSystem
2014-04-14 16:14:06,477 - Using logger class org.apache.velocity.runtime.log.SimpleLog4JLogSystem
2014-04-14 16:14:06,481 - Default ResourceManager initializing. (class org.apache.velocity.runtime.resource.ResourceManagerImpl)
2014-04-14 16:14:06,485 - Resource Loader Instantiated: org.apache.velocity.runtime.resource.loader.ClasspathResourceLoader
2014-04-14 16:14:06,485 - ClasspathResourceLoader : initialization starting.
2014-04-14 16:14:06,485 - ClasspathResourceLoader : initialization complete.
2014-04-14 16:14:06,487 - ResourceCache : initialized. (class org.apache.velocity.runtime.resource.ResourceCacheImpl)
2014-04-14 16:14:06,487 - Default ResourceManager initialization complete.
2014-04-14 16:14:06,489 - Loaded System Directive: org.apache.velocity.runtime.directive.Literal
2014-04-14 16:14:06,491 - Loaded System Directive: org.apache.velocity.runtime.directive.Macro
2014-04-14 16:14:06,495 - Loaded System Directive: org.apache.velocity.runtime.directive.Parse
2014-04-14 16:14:06,497 - Loaded System Directive: org.apache.velocity.runtime.directive.Include
2014-04-14 16:14:06,499 - Loaded System Directive: org.apache.velocity.runtime.directive.Foreach
2014-04-14 16:14:06,528 - Created: 20 parsers.
2014-04-14 16:14:06,540 - Velocimacro : initialization starting.
2014-04-14 16:14:06,540 - Velocimacro : adding VMs from VM library template : VM_global_library.vm
2014-04-14 16:14:06,545 - ResourceManager : unable to find resource 'VM_global_library.vm' in any resource loader.
2014-04-14 16:14:06,546 - Velocimacro : error using  VM library template VM_global_library.vm : org.apache.velocity.exception.ResourceNotFoundException: Unable to find resource 'VM_global_library.vm'
2014-04-14 16:14:06,546 - Velocimacro :  VM library template macro registration complete.
2014-04-14 16:14:06,546 - Velocimacro : allowInline = true : VMs can be defined inline in templates
2014-04-14 16:14:06,546 - Velocimacro : allowInlineToOverride = false : VMs defined inline may NOT replace previous VM definitions
2014-04-14 16:14:06,546 - Velocimacro : allowInlineLocal = false : VMs defined inline will be  global in scope if allowed.
2014-04-14 16:14:06,546 - Velocimacro : messages on  : VM system will output logging messages
2014-04-14 16:14:06,546 - Velocimacro : autoload off  : VM system will not automatically reload global library macros
2014-04-14 16:14:06,546 - Velocimacro : initialization complete.
2014-04-14 16:14:06,546 - Velocity successfully started.
2014-04-14 16:14:22,637 - ResourceManager : found repast/simphony/parameter/parameters.vt with loader org.apache.velocity.runtime.resource.loader.ClasspathResourceLoader
2014-04-14 16:14:36,726 - SimpleLog4JLogSystem initialized using logfile 'velocity.log'
2014-04-14 16:14:36,726 - ************************************************************** 
2014-04-14 16:14:36,727 - Starting Jakarta Velocity v1.4
2014-04-14 16:14:36,727 - RuntimeInstance initializing.
2014-04-14 16:14:36,727 - Default Properties File: org\apache\velocity\runtime\defaults\velocity.properties
2014-04-14 16:14:36,727 - Trying to use logger class org.apache.velocity.runtime.log.SimpleLog4JLogSystem
2014-04-14 16:14:36,727 - Using logger class org.apache.velocity.runtime.log.SimpleLog4JLogSystem
2014-04-14 16:14:36,731 - Default ResourceManager initializing. (class org.apache.velocity.runtime.resource.ResourceManagerImpl)
2014-04-14 16:14:36,734 - Resource Loader Instantiated: org.apache.velocity.runtime.resource.loader.ClasspathResourceLoader
2014-04-14 16:14:36,734 - ClasspathResourceLoader : initialization starting.
2014-04-14 16:14:36,734 - ClasspathResourceLoader : initialization complete.
2014-04-14 16:14:36,737 - ResourceCache : initialized. (class org.apache.velocity.runtime.resource.ResourceCacheImpl)
2014-04-14 16:14:36,737 - Default ResourceManager initialization complete.
2014-04-14 16:14:36,739 - Loaded System Directive: org.apache.velocity.runtime.directive.Literal
2014-04-14 16:14:36,741 - Loaded System Directive: org.apache.velocity.runtime.directive.Macro
2014-04-14 16:14:36,744 - Loaded System Directive: org.apache.velocity.runtime.directive.Parse
2014-04-14 16:14:36,747 - Loaded System Directive: org.apache.velocity.runtime.directive.Include
2014-04-14 16:14:36,748 - Loaded System Directive: org.apache.velocity.runtime.directive.Foreach
2014-04-14 16:14:36,777 - Created: 20 parsers.
2014-04-14 16:14:36,787 - Velocimacro : initialization starting.
2014-04-14 16:14:36,787 - Velocimacro : adding VMs from VM library template : VM_global_library.vm
2014-04-14 16:14:36,793 - ResourceManager : unable to find resource 'VM_global_library.vm' in any resource loader.
2014-04-14 16:14:36,793 - Velocimacro : error using  VM library template VM_global_library.vm : org.apache.velocity.exception.ResourceNotFoundException: Unable to find resource 'VM_global_library.vm'
2014-04-14 16:14:36,793 - Velocimacro :  VM library template macro registration complete.
2014-04-14 16:14:36,793 - Velocimacro : allowInline = true : VMs can be defined inline in templates
2014-04-14 16:14:36,793 - Velocimacro : allowInlineToOverride = false : VMs defined inline may NOT replace previous VM definitions
2014-04-14 16:14:36,793 - Velocimacro : allowInlineLocal = false : VMs defined inline will be  global in scope if allowed.
2014-04-14 16:14:36,793 - Velocimacro : messages on  : VM system will output logging messages
2014-04-14 16:14:36,793 - Velocimacro : autoload off  : VM system will not automatically reload global library macros
2014-04-14 16:14:36,793 - Velocimacro : initialization complete.
2014-04-14 16:14:36,793 - Velocity successfully started.
2014-04-14 16:14:57,721 - ResourceManager : found repast/simphony/parameter/parameters.vt with loader org.apache.velocity.runtime.resource.loader.ClasspathResourceLoader
2014-04-14 16:15:37,552 - ResourceManager : found repast/simphony/parameter/parameters.vt with loader org.apache.velocity.runtime.resource.loader.ClasspathResourceLoader
2014-04-14 16:15:59,777 - SimpleLog4JLogSystem initialized using logfile 'velocity.log'
2014-04-14 16:15:59,778 - ************************************************************** 
2014-04-14 16:15:59,778 - Starting Jakarta Velocity v1.4
2014-04-14 16:15:59,778 - RuntimeInstance initializing.
2014-04-14 16:15:59,778 - Default Properties File: org\apache\velocity\runtime\defaults\velocity.properties
2014-04-14 16:15:59,778 - Trying to use logger class org.apache.velocity.runtime.log.SimpleLog4JLogSystem
2014-04-14 16:15:59,778 - Using logger class org.apache.velocity.runtime.log.SimpleLog4JLogSystem
2014-04-14 16:15:59,781 - Default ResourceManager initializing. (class org.apache.velocity.runtime.resource.ResourceManagerImpl)
2014-04-14 16:15:59,785 - Resource Loader Instantiated: org.apache.velocity.runtime.resource.loader.ClasspathResourceLoader
2014-04-14 16:15:59,785 - ClasspathResourceLoader : initialization starting.
2014-04-14 16:15:59,785 - ClasspathResourceLoader : initialization complete.
2014-04-14 16:15:59,787 - ResourceCache : initialized. (class org.apache.velocity.runtime.resource.ResourceCacheImpl)
2014-04-14 16:15:59,787 - Default ResourceManager initialization complete.
2014-04-14 16:15:59,790 - Loaded System Directive: org.apache.velocity.runtime.directive.Literal
2014-04-14 16:15:59,792 - Loaded System Directive: org.apache.velocity.runtime.directive.Macro
2014-04-14 16:15:59,795 - Loaded System Directive: org.apache.velocity.runtime.directive.Parse
2014-04-14 16:15:59,798 - Loaded System Directive: org.apache.velocity.runtime.directive.Include
2014-04-14 16:15:59,799 - Loaded System Directive: org.apache.velocity.runtime.directive.Foreach
2014-04-14 16:15:59,829 - Created: 20 parsers.
2014-04-14 16:15:59,839 - Velocimacro : initialization starting.
2014-04-14 16:15:59,839 - Velocimacro : adding VMs from VM library template : VM_global_library.vm
2014-04-14 16:15:59,844 - ResourceManager : unable to find resource 'VM_global_library.vm' in any resource loader.
2014-04-14 16:15:59,844 - Velocimacro : error using  VM library template VM_global_library.vm : org.apache.velocity.exception.ResourceNotFoundException: Unable to find resource 'VM_global_library.vm'
2014-04-14 16:15:59,844 - Velocimacro :  VM library template macro registration complete.
2014-04-14 16:15:59,844 - Velocimacro : allowInline = true : VMs can be defined inline in templates
2014-04-14 16:15:59,844 - Velocimacro : allowInlineToOverride = false : VMs defined inline may NOT replace previous VM definitions
2014-04-14 16:15:59,844 - Velocimacro : allowInlineLocal = false : VMs defined inline will be  global in scope if allowed.
2014-04-14 16:15:59,844 - Velocimacro : messages on  : VM system will output logging messages
2014-04-14 16:15:59,844 - Velocimacro : autoload off  : VM system will not automatically reload global library macros
2014-04-14 16:15:59,844 - Velocimacro : initialization complete.
2014-04-14 16:15:59,844 - Velocity successfully started.
2014-04-14 16:16:31,284 - ResourceManager : found repast/simphony/parameter/parameters.vt with loader org.apache.velocity.runtime.resource.loader.ClasspathResourceLoader
2014-04-14 16:16:42,757 - SimpleLog4JLogSystem initialized using logfile 'velocity.log'
2014-04-14 16:16:42,758 - ************************************************************** 
2014-04-14 16:16:42,758 - Starting Jakarta Velocity v1.4
2014-04-14 16:16:42,758 - RuntimeInstance initializing.
2014-04-14 16:16:42,758 - Default Properties File: org\apache\velocity\runtime\defaults\velocity.properties
2014-04-14 16:16:42,758 - Trying to use logger class org.apache.velocity.runtime.log.SimpleLog4JLogSystem
2014-04-14 16:16:42,758 - Using logger class org.apache.velocity.runtime.log.SimpleLog4JLogSystem
2014-04-14 16:16:42,761 - Default ResourceManager initializing. (class org.apache.velocity.runtime.resource.ResourceManagerImpl)
2014-04-14 16:16:42,765 - Resource Loader Instantiated: org.apache.velocity.runtime.resource.loader.ClasspathResourceLoader
2014-04-14 16:16:42,765 - ClasspathResourceLoader : initialization starting.
2014-04-14 16:16:42,765 - ClasspathResourceLoader : initialization complete.
2014-04-14 16:16:42,767 - ResourceCache : initialized. (class org.apache.velocity.runtime.resource.ResourceCacheImpl)
2014-04-14 16:16:42,767 - Default ResourceManager initialization complete.
2014-04-14 16:16:42,769 - Loaded System Directive: org.apache.velocity.runtime.directive.Literal
2014-04-14 16:16:42,771 - Loaded System Directive: org.apache.velocity.runtime.directive.Macro
2014-04-14 16:16:42,775 - Loaded System Directive: org.apache.velocity.runtime.directive.Parse
2014-04-14 16:16:42,777 - Loaded System Directive: org.apache.velocity.runtime.directive.Include
2014-04-14 16:16:42,779 - Loaded System Directive: org.apache.velocity.runtime.directive.Foreach
2014-04-14 16:16:42,809 - Created: 20 parsers.
2014-04-14 16:16:42,821 - Velocimacro : initialization starting.
2014-04-14 16:16:42,821 - Velocimacro : adding VMs from VM library template : VM_global_library.vm
2014-04-14 16:16:42,827 - ResourceManager : unable to find resource 'VM_global_library.vm' in any resource loader.
2014-04-14 16:16:42,827 - Velocimacro : error using  VM library template VM_global_library.vm : org.apache.velocity.exception.ResourceNotFoundException: Unable to find resource 'VM_global_library.vm'
2014-04-14 16:16:42,827 - Velocimacro :  VM library template macro registration complete.
2014-04-14 16:16:42,827 - Velocimacro : allowInline = true : VMs can be defined inline in templates
2014-04-14 16:16:42,827 - Velocimacro : allowInlineToOverride = false : VMs defined inline may NOT replace previous VM definitions
2014-04-14 16:16:42,827 - Velocimacro : allowInlineLocal = false : VMs defined inline will be  global in scope if allowed.
2014-04-14 16:16:42,827 - Velocimacro : messages on  : VM system will output logging messages
2014-04-14 16:16:42,827 - Velocimacro : autoload off  : VM system will not automatically reload global library macros
2014-04-14 16:16:42,827 - Velocimacro : initialization complete.
2014-04-14 16:16:42,827 - Velocity successfully started.
2014-04-14 16:18:02,549 - SimpleLog4JLogSystem initialized using logfile 'velocity.log'
2014-04-14 16:18:02,549 - ************************************************************** 
2014-04-14 16:18:02,549 - Starting Jakarta Velocity v1.4
2014-04-14 16:18:02,549 - RuntimeInstance initializing.
2014-04-14 16:18:02,549 - Default Properties File: org\apache\velocity\runtime\defaults\velocity.properties
2014-04-14 16:18:02,549 - Trying to use logger class org.apache.velocity.runtime.log.SimpleLog4JLogSystem
2014-04-14 16:18:02,549 - Using logger class org.apache.velocity.runtime.log.SimpleLog4JLogSystem
2014-04-14 16:18:02,553 - Default ResourceManager initializing. (class org.apache.velocity.runtime.resource.ResourceManagerImpl)
2014-04-14 16:18:02,556 - Resource Loader Instantiated: org.apache.velocity.runtime.resource.loader.ClasspathResourceLoader
2014-04-14 16:18:02,556 - ClasspathResourceLoader : initialization starting.
2014-04-14 16:18:02,556 - ClasspathResourceLoader : initialization complete.
2014-04-14 16:18:02,558 - ResourceCache : initialized. (class org.apache.velocity.runtime.resource.ResourceCacheImpl)
2014-04-14 16:18:02,558 - Default ResourceManager initialization complete.
2014-04-14 16:18:02,560 - Loaded System Directive: org.apache.velocity.runtime.directive.Literal
2014-04-14 16:18:02,561 - Loaded System Directive: org.apache.velocity.runtime.directive.Macro
2014-04-14 16:18:02,565 - Loaded System Directive: org.apache.velocity.runtime.directive.Parse
2014-04-14 16:18:02,568 - Loaded System Directive: org.apache.velocity.runtime.directive.Include
2014-04-14 16:18:02,570 - Loaded System Directive: org.apache.velocity.runtime.directive.Foreach
2014-04-14 16:18:02,599 - Created: 20 parsers.
2014-04-14 16:18:02,610 - Velocimacro : initialization starting.
2014-04-14 16:18:02,610 - Velocimacro : adding VMs from VM library template : VM_global_library.vm
2014-04-14 16:18:02,614 - ResourceManager : unable to find resource 'VM_global_library.vm' in any resource loader.
2014-04-14 16:18:02,614 - Velocimacro : error using  VM library template VM_global_library.vm : org.apache.velocity.exception.ResourceNotFoundException: Unable to find resource 'VM_global_library.vm'
2014-04-14 16:18:02,614 - Velocimacro :  VM library template macro registration complete.
2014-04-14 16:18:02,614 - Velocimacro : allowInline = true : VMs can be defined inline in templates
2014-04-14 16:18:02,614 - Velocimacro : allowInlineToOverride = false : VMs defined inline may NOT replace previous VM definitions
2014-04-14 16:18:02,614 - Velocimacro : allowInlineLocal = false : VMs defined inline will be  global in scope if allowed.
2014-04-14 16:18:02,614 - Velocimacro : messages on  : VM system will output logging messages
2014-04-14 16:18:02,614 - Velocimacro : autoload off  : VM system will not automatically reload global library macros
2014-04-14 16:18:02,615 - Velocimacro : initialization complete.
2014-04-14 16:18:02,615 - Velocity successfully started.
2014-04-14 16:18:26,652 - ResourceManager : found repast/simphony/parameter/parameters.vt with loader org.apache.velocity.runtime.resource.loader.ClasspathResourceLoader
2014-04-14 16:19:10,267 - ResourceManager : found repast/simphony/parameter/parameters.vt with loader org.apache.velocity.runtime.resource.loader.ClasspathResourceLoader
2014-04-14 16:20:00,245 - SimpleLog4JLogSystem initialized using logfile 'velocity.log'
2014-04-14 16:20:00,245 - ************************************************************** 
2014-04-14 16:20:00,245 - Starting Jakarta Velocity v1.4
2014-04-14 16:20:00,245 - RuntimeInstance initializing.
2014-04-14 16:20:00,245 - Default Properties File: org\apache\velocity\runtime\defaults\velocity.properties
2014-04-14 16:20:00,245 - Trying to use logger class org.apache.velocity.runtime.log.SimpleLog4JLogSystem
2014-04-14 16:20:00,245 - Using logger class org.apache.velocity.runtime.log.SimpleLog4JLogSystem
2014-04-14 16:20:00,249 - Default ResourceManager initializing. (class org.apache.velocity.runtime.resource.ResourceManagerImpl)
2014-04-14 16:20:00,252 - Resource Loader Instantiated: org.apache.velocity.runtime.resource.loader.ClasspathResourceLoader
2014-04-14 16:20:00,252 - ClasspathResourceLoader : initialization starting.
2014-04-14 16:20:00,252 - ClasspathResourceLoader : initialization complete.
2014-04-14 16:20:00,255 - ResourceCache : initialized. (class org.apache.velocity.runtime.resource.ResourceCacheImpl)
2014-04-14 16:20:00,255 - Default ResourceManager initialization complete.
2014-04-14 16:20:00,257 - Loaded System Directive: org.apache.velocity.runtime.directive.Literal
2014-04-14 16:20:00,259 - Loaded System Directive: org.apache.velocity.runtime.directive.Macro
2014-04-14 16:20:00,263 - Loaded System Directive: org.apache.velocity.runtime.directive.Parse
2014-04-14 16:20:00,265 - Loaded System Directive: org.apache.velocity.runtime.directive.Include
2014-04-14 16:20:00,266 - Loaded System Directive: org.apache.velocity.runtime.directive.Foreach
2014-04-14 16:20:00,295 - Created: 20 parsers.
2014-04-14 16:20:00,308 - Velocimacro : initialization starting.
2014-04-14 16:20:00,308 - Velocimacro : adding VMs from VM library template : VM_global_library.vm
2014-04-14 16:20:00,315 - ResourceManager : unable to find resource 'VM_global_library.vm' in any resource loader.
2014-04-14 16:20:00,315 - Velocimacro : error using  VM library template VM_global_library.vm : org.apache.velocity.exception.ResourceNotFoundException: Unable to find resource 'VM_global_library.vm'
2014-04-14 16:20:00,315 - Velocimacro :  VM library template macro registration complete.
2014-04-14 16:20:00,315 - Velocimacro : allowInline = true : VMs can be defined inline in templates
2014-04-14 16:20:00,316 - Velocimacro : allowInlineToOverride = false : VMs defined inline may NOT replace previous VM definitions
2014-04-14 16:20:00,316 - Velocimacro : allowInlineLocal = false : VMs defined inline will be  global in scope if allowed.
2014-04-14 16:20:00,316 - Velocimacro : messages on  : VM system will output logging messages
2014-04-14 16:20:00,316 - Velocimacro : autoload off  : VM system will not automatically reload global library macros
2014-04-14 16:20:00,316 - Velocimacro : initialization complete.
2014-04-14 16:20:00,316 - Velocity successfully started.
2014-04-14 16:20:11,617 - ResourceManager : found repast/simphony/parameter/parameters.vt with loader org.apache.velocity.runtime.resource.loader.ClasspathResourceLoader
2014-04-14 16:20:18,208 - ResourceManager : found repast/simphony/parameter/parameters.vt with loader org.apache.velocity.runtime.resource.loader.ClasspathResourceLoader
2014-04-14 16:20:30,339 - SimpleLog4JLogSystem initialized using logfile 'velocity.log'
2014-04-14 16:20:30,340 - ************************************************************** 
2014-04-14 16:20:30,340 - Starting Jakarta Velocity v1.4
2014-04-14 16:20:30,340 - RuntimeInstance initializing.
2014-04-14 16:20:30,340 - Default Properties File: org\apache\velocity\runtime\defaults\velocity.properties
2014-04-14 16:20:30,340 - Trying to use logger class org.apache.velocity.runtime.log.SimpleLog4JLogSystem
2014-04-14 16:20:30,340 - Using logger class org.apache.velocity.runtime.log.SimpleLog4JLogSystem
2014-04-14 16:20:30,348 - Default ResourceManager initializing. (class org.apache.velocity.runtime.resource.ResourceManagerImpl)
2014-04-14 16:20:30,355 - Resource Loader Instantiated: org.apache.velocity.runtime.resource.loader.ClasspathResourceLoader
2014-04-14 16:20:30,355 - ClasspathResourceLoader : initialization starting.
2014-04-14 16:20:30,355 - ClasspathResourceLoader : initialization complete.
2014-04-14 16:20:30,359 - ResourceCache : initialized. (class org.apache.velocity.runtime.resource.ResourceCacheImpl)
2014-04-14 16:20:30,359 - Default ResourceManager initialization complete.
2014-04-14 16:20:30,363 - Loaded System Directive: org.apache.velocity.runtime.directive.Literal
2014-04-14 16:20:30,366 - Loaded System Directive: org.apache.velocity.runtime.directive.Macro
2014-04-14 16:20:30,371 - Loaded System Directive: org.apache.velocity.runtime.directive.Parse
2014-04-14 16:20:30,373 - Loaded System Directive: org.apache.velocity.runtime.directive.Include
2014-04-14 16:20:30,375 - Loaded System Directive: org.apache.velocity.runtime.directive.Foreach
2014-04-14 16:20:30,409 - Created: 20 parsers.
2014-04-14 16:20:30,419 - Velocimacro : initialization starting.
2014-04-14 16:20:30,419 - Velocimacro : adding VMs from VM library template : VM_global_library.vm
2014-04-14 16:20:30,425 - ResourceManager : unable to find resource 'VM_global_library.vm' in any resource loader.
2014-04-14 16:20:30,425 - Velocimacro : error using  VM library template VM_global_library.vm : org.apache.velocity.exception.ResourceNotFoundException: Unable to find resource 'VM_global_library.vm'
2014-04-14 16:20:30,425 - Velocimacro :  VM library template macro registration complete.
2014-04-14 16:20:30,425 - Velocimacro : allowInline = true : VMs can be defined inline in templates
2014-04-14 16:20:30,425 - Velocimacro : allowInlineToOverride = false : VMs defined inline may NOT replace previous VM definitions
2014-04-14 16:20:30,426 - Velocimacro : allowInlineLocal = false : VMs defined inline will be  global in scope if allowed.
2014-04-14 16:20:30,426 - Velocimacro : messages on  : VM system will output logging messages
2014-04-14 16:20:30,426 - Velocimacro : autoload off  : VM system will not automatically reload global library macros
2014-04-14 16:20:30,426 - Velocimacro : initialization complete.
2014-04-14 16:20:30,426 - Velocity successfully started.
2014-04-15 12:30:39,059 - SimpleLog4JLogSystem initialized using logfile 'velocity.log'
2014-04-15 12:30:39,060 - ************************************************************** 
2014-04-15 12:30:39,060 - Starting Jakarta Velocity v1.4
2014-04-15 12:30:39,060 - RuntimeInstance initializing.
2014-04-15 12:30:39,060 - Default Properties File: org\apache\velocity\runtime\defaults\velocity.properties
2014-04-15 12:30:39,060 - Trying to use logger class org.apache.velocity.runtime.log.SimpleLog4JLogSystem
2014-04-15 12:30:39,060 - Using logger class org.apache.velocity.runtime.log.SimpleLog4JLogSystem
2014-04-15 12:30:39,064 - Default ResourceManager initializing. (class org.apache.velocity.runtime.resource.ResourceManagerImpl)
2014-04-15 12:30:39,067 - Resource Loader Instantiated: org.apache.velocity.runtime.resource.loader.ClasspathResourceLoader
2014-04-15 12:30:39,067 - ClasspathResourceLoader : initialization starting.
2014-04-15 12:30:39,067 - ClasspathResourceLoader : initialization complete.
2014-04-15 12:30:39,068 - ResourceCache : initialized. (class org.apache.velocity.runtime.resource.ResourceCacheImpl)
2014-04-15 12:30:39,068 - Default ResourceManager initialization complete.
2014-04-15 12:30:39,070 - Loaded System Directive: org.apache.velocity.runtime.directive.Literal
2014-04-15 12:30:39,072 - Loaded System Directive: org.apache.velocity.runtime.directive.Macro
2014-04-15 12:30:39,075 - Loaded System Directive: org.apache.velocity.runtime.directive.Parse
2014-04-15 12:30:39,077 - Loaded System Directive: org.apache.velocity.runtime.directive.Include
2014-04-15 12:30:39,078 - Loaded System Directive: org.apache.velocity.runtime.directive.Foreach
2014-04-15 12:30:39,104 - Created: 20 parsers.
2014-04-15 12:30:39,113 - Velocimacro : initialization starting.
2014-04-15 12:30:39,113 - Velocimacro : adding VMs from VM library template : VM_global_library.vm
2014-04-15 12:30:39,117 - ResourceManager : unable to find resource 'VM_global_library.vm' in any resource loader.
2014-04-15 12:30:39,118 - Velocimacro : error using  VM library template VM_global_library.vm : org.apache.velocity.exception.ResourceNotFoundException: Unable to find resource 'VM_global_library.vm'
2014-04-15 12:30:39,118 - Velocimacro :  VM library template macro registration complete.
2014-04-15 12:30:39,118 - Velocimacro : allowInline = true : VMs can be defined inline in templates
2014-04-15 12:30:39,118 - Velocimacro : allowInlineToOverride = false : VMs defined inline may NOT replace previous VM definitions
2014-04-15 12:30:39,118 - Velocimacro : allowInlineLocal = false : VMs defined inline will be  global in scope if allowed.
2014-04-15 12:30:39,118 - Velocimacro : messages on  : VM system will output logging messages
2014-04-15 12:30:39,118 - Velocimacro : autoload off  : VM system will not automatically reload global library macros
2014-04-15 12:30:39,118 - Velocimacro : initialization complete.
2014-04-15 12:30:39,118 - Velocity successfully started.
2014-04-15 13:32:43,378 - SimpleLog4JLogSystem initialized using logfile 'velocity.log'
2014-04-15 13:32:43,378 - ************************************************************** 
2014-04-15 13:32:43,378 - Starting Jakarta Velocity v1.4
2014-04-15 13:32:43,378 - RuntimeInstance initializing.
2014-04-15 13:32:43,378 - Default Properties File: org\apache\velocity\runtime\defaults\velocity.properties
2014-04-15 13:32:43,378 - Trying to use logger class org.apache.velocity.runtime.log.SimpleLog4JLogSystem
2014-04-15 13:32:43,378 - Using logger class org.apache.velocity.runtime.log.SimpleLog4JLogSystem
2014-04-15 13:32:43,382 - Default ResourceManager initializing. (class org.apache.velocity.runtime.resource.ResourceManagerImpl)
2014-04-15 13:32:43,387 - Resource Loader Instantiated: org.apache.velocity.runtime.resource.loader.ClasspathResourceLoader
2014-04-15 13:32:43,387 - ClasspathResourceLoader : initialization starting.
2014-04-15 13:32:43,387 - ClasspathResourceLoader : initialization complete.
2014-04-15 13:32:43,389 - ResourceCache : initialized. (class org.apache.velocity.runtime.resource.ResourceCacheImpl)
2014-04-15 13:32:43,389 - Default ResourceManager initialization complete.
2014-04-15 13:32:43,391 - Loaded System Directive: org.apache.velocity.runtime.directive.Literal
2014-04-15 13:32:43,393 - Loaded System Directive: org.apache.velocity.runtime.directive.Macro
2014-04-15 13:32:43,398 - Loaded System Directive: org.apache.velocity.runtime.directive.Parse
2014-04-15 13:32:43,401 - Loaded System Directive: org.apache.velocity.runtime.directive.Include
2014-04-15 13:32:43,402 - Loaded System Directive: org.apache.velocity.runtime.directive.Foreach
2014-04-15 13:32:43,439 - Created: 20 parsers.
2014-04-15 13:32:43,449 - Velocimacro : initialization starting.
2014-04-15 13:32:43,449 - Velocimacro : adding VMs from VM library template : VM_global_library.vm
2014-04-15 13:32:43,455 - ResourceManager : unable to find resource 'VM_global_library.vm' in any resource loader.
2014-04-15 13:32:43,455 - Velocimacro : error using  VM library template VM_global_library.vm : org.apache.velocity.exception.ResourceNotFoundException: Unable to find resource 'VM_global_library.vm'
2014-04-15 13:32:43,455 - Velocimacro :  VM library template macro registration complete.
2014-04-15 13:32:43,455 - Velocimacro : allowInline = true : VMs can be defined inline in templates
2014-04-15 13:32:43,455 - Velocimacro : allowInlineToOverride = false : VMs defined inline may NOT replace previous VM definitions
2014-04-15 13:32:43,456 - Velocimacro : allowInlineLocal = false : VMs defined inline will be  global in scope if allowed.
2014-04-15 13:32:43,456 - Velocimacro : messages on  : VM system will output logging messages
2014-04-15 13:32:43,456 - Velocimacro : autoload off  : VM system will not automatically reload global library macros
2014-04-15 13:32:43,456 - Velocimacro : initialization complete.
2014-04-15 13:32:43,456 - Velocity successfully started.
2014-04-15 13:56:51,933 - SimpleLog4JLogSystem initialized using logfile 'velocity.log'
2014-04-15 13:56:51,933 - ************************************************************** 
2014-04-15 13:56:51,933 - Starting Jakarta Velocity v1.4
2014-04-15 13:56:51,933 - RuntimeInstance initializing.
2014-04-15 13:56:51,933 - Default Properties File: org\apache\velocity\runtime\defaults\velocity.properties
2014-04-15 13:56:51,934 - Trying to use logger class org.apache.velocity.runtime.log.SimpleLog4JLogSystem
2014-04-15 13:56:51,934 - Using logger class org.apache.velocity.runtime.log.SimpleLog4JLogSystem
2014-04-15 13:56:51,937 - Default ResourceManager initializing. (class org.apache.velocity.runtime.resource.ResourceManagerImpl)
2014-04-15 13:56:51,940 - Resource Loader Instantiated: org.apache.velocity.runtime.resource.loader.ClasspathResourceLoader
2014-04-15 13:56:51,940 - ClasspathResourceLoader : initialization starting.
2014-04-15 13:56:51,940 - ClasspathResourceLoader : initialization complete.
2014-04-15 13:56:51,943 - ResourceCache : initialized. (class org.apache.velocity.runtime.resource.ResourceCacheImpl)
2014-04-15 13:56:51,943 - Default ResourceManager initialization complete.
2014-04-15 13:56:51,945 - Loaded System Directive: org.apache.velocity.runtime.directive.Literal
2014-04-15 13:56:51,947 - Loaded System Directive: org.apache.velocity.runtime.directive.Macro
2014-04-15 13:56:51,950 - Loaded System Directive: org.apache.velocity.runtime.directive.Parse
2014-04-15 13:56:51,952 - Loaded System Directive: org.apache.velocity.runtime.directive.Include
2014-04-15 13:56:51,953 - Loaded System Directive: org.apache.velocity.runtime.directive.Foreach
2014-04-15 13:56:51,981 - Created: 20 parsers.
2014-04-15 13:56:51,990 - Velocimacro : initialization starting.
2014-04-15 13:56:51,990 - Velocimacro : adding VMs from VM library template : VM_global_library.vm
2014-04-15 13:56:51,995 - ResourceManager : unable to find resource 'VM_global_library.vm' in any resource loader.
2014-04-15 13:56:51,995 - Velocimacro : error using  VM library template VM_global_library.vm : org.apache.velocity.exception.ResourceNotFoundException: Unable to find resource 'VM_global_library.vm'
2014-04-15 13:56:51,995 - Velocimacro :  VM library template macro registration complete.
2014-04-15 13:56:51,995 - Velocimacro : allowInline = true : VMs can be defined inline in templates
2014-04-15 13:56:51,995 - Velocimacro : allowInlineToOverride = false : VMs defined inline may NOT replace previous VM definitions
2014-04-15 13:56:51,995 - Velocimacro : allowInlineLocal = false : VMs defined inline will be  global in scope if allowed.
2014-04-15 13:56:51,995 - Velocimacro : messages on  : VM system will output logging messages
2014-04-15 13:56:51,995 - Velocimacro : autoload off  : VM system will not automatically reload global library macros
2014-04-15 13:56:51,995 - Velocimacro : initialization complete.
2014-04-15 13:56:51,995 - Velocity successfully started.
